Determining if the pthread_create exist failed with the following output:
Change Dir: /home/eduardo/Robotica/AutoNOMOS2/line_det/build/lane_states_original/CMakeFiles/CMakeTmp

Run Build Command:/usr/bin/make "cmTryCompileExec2049009478/fast"
/usr/bin/make -f CMakeFiles/cmTryCompileExec2049009478.dir/build.make CMakeFiles/cmTryCompileExec2049009478.dir/build
make[1]: Entering directory `/home/eduardo/Robotica/AutoNOMOS2/line_det/build/lane_states_original/CMakeFiles/CMakeTmp'
/usr/bin/cmake -E cmake_progress_report /home/eduardo/Robotica/AutoNOMOS2/line_det/build/lane_states_original/CMakeFiles/CMakeTmp/CMakeFiles 1
Building C object CMakeFiles/cmTryCompileExec2049009478.dir/CheckSymbolExists.c.o
/usr/bin/cc    -o CMakeFiles/cmTryCompileExec2049009478.dir/CheckSymbolExists.c.o   -c /home/eduardo/Robotica/AutoNOMOS2/line_det/build/lane_states_original/CMakeFiles/CMakeTmp/CheckSymbolExists.c
Linking C executable cmTryCompileExec2049009478
/usr/bin/cmake -E cmake_link_script CMakeFiles/cmTryCompileExec2049009478.dir/link.txt --verbose=1
/usr/bin/cc       CMakeFiles/cmTryCompileExec2049009478.dir/CheckSymbolExists.c.o  -o cmTryCompileExec2049009478 -rdynamic 
CMakeFiles/cmTryCompileExec2049009478.dir/CheckSymbolExists.c.o: In function `main':
CheckSymbolExists.c:(.text+0x16): undefined reference to `pthread_create'
collect2: error: ld returned 1 exit status
make[1]: Leaving directory `/home/eduardo/Robotica/AutoNOMOS2/line_det/build/lane_states_original/CMakeFiles/CMakeTmp'
make[1]: *** [cmTryCompileExec2049009478] Error 1
make: *** [cmTryCompileExec2049009478/fast] Error 2

File /home/eduardo/Robotica/AutoNOMOS2/line_det/build/lane_states_original/CMakeFiles/CMakeTmp/CheckSymbolExists.c:
/* */
#include <pthread.h>

int main(int argc, char** argv)
{
  (void)argv;
#ifndef pthread_create
  return ((int*)(&pthread_create))[argc];
#else
  (void)argc;
  return 0;
#endif
}

Determining if the function pthread_create exists in the pthreads failed with the following output:
Change Dir: /home/eduardo/Robotica/AutoNOMOS2/line_det/build/lane_states_original/CMakeFiles/CMakeTmp

Run Build Command:/usr/bin/make "cmTryCompileExec2961694084/fast"
/usr/bin/make -f CMakeFiles/cmTryCompileExec2961694084.dir/build.make CMakeFiles/cmTryCompileExec2961694084.dir/build
make[1]: Entering directory `/home/eduardo/Robotica/AutoNOMOS2/line_det/build/lane_states_original/CMakeFiles/CMakeTmp'
/usr/bin/cmake -E cmake_progress_report /home/eduardo/Robotica/AutoNOMOS2/line_det/build/lane_states_original/CMakeFiles/CMakeTmp/CMakeFiles 1
Building C object CMakeFiles/cmTryCompileExec2961694084.dir/CheckFunctionExists.c.o
/usr/bin/cc   -DCHECK_FUNCTION_EXISTS=pthread_create   -o CMakeFiles/cmTryCompileExec2961694084.dir/CheckFunctionExists.c.o   -c /usr/share/cmake-2.8/Modules/CheckFunctionExists.c
Linking C executable cmTryCompileExec2961694084
/usr/bin/cmake -E cmake_link_script CMakeFiles/cmTryCompileExec2961694084.dir/link.txt --verbose=1
/usr/bin/cc   -DCHECK_FUNCTION_EXISTS=pthread_create    CMakeFiles/cmTryCompileExec2961694084.dir/CheckFunctionExists.c.o  -o cmTryCompileExec2961694084 -rdynamic -lpthreads 
/usr/bin/ld: cannot find -lpthreads
collect2: error: ld returned 1 exit status
make[1]: Leaving directory `/home/eduardo/Robotica/AutoNOMOS2/line_det/build/lane_states_original/CMakeFiles/CMakeTmp'
make[1]: *** [cmTryCompileExec2961694084] Error 1
make: *** [cmTryCompileExec2961694084/fast] Error 2


